This is pdfTeX, Version 3.14159265-2.6-1.40.20 (MiKTeX 2.9.7250 64-bit) (preloaded format=pdflatex 2019.12.30)  7 JAN 2020 19:25
entering extended mode
**./dokumentacja.tex
(dokumentacja.tex
LaTeX2e <2019-10-01> patch level 3

("C:\Users\Arkadiusz\AppData\Local\Programs\MiKTeX 2.9\tex/latex/base\article.c
ls"
Document Class: article 2019/10/25 v1.4k Standard LaTeX document class

("C:\Users\Arkadiusz\AppData\Local\Programs\MiKTeX 2.9\tex/latex/base\size12.cl
o"
File: size12.clo 2019/10/25 v1.4k Standard LaTeX file (size option)
)
\c@part=\count80
\c@section=\count81
\c@subsection=\count82
\c@subsubsection=\count83
\c@paragraph=\count84
\c@subparagraph=\count85
\c@figure=\count86
\c@table=\count87
\abovecaptionskip=\skip41
\belowcaptionskip=\skip42
\bibindent=\dimen102
)
("C:\Users\Arkadiusz\AppData\Local\Programs\MiKTeX 2.9\tex/generic/babel\babel.
sty"
Package: babel 2019/11/14 3.36 The Babel package

("C:\Users\Arkadiusz\AppData\Local\Programs\MiKTeX 2.9\tex/generic/babel\switch
.def"
File: switch.def 2019/11/14 3.36 Babel switching mechanism
)
*************************************
* Local config file bblopts.cfg used
*

("C:\Users\Arkadiusz\AppData\Local\Programs\MiKTeX 2.9\tex/latex/arabi\bblopts.
cfg"
File: bblopts.cfg 2005/09/08 v0.1 add Arabic and Farsi to "declared" options of
 babel
)
("C:\Users\Arkadiusz\AppData\Local\Programs\MiKTeX 2.9\tex/latex/babel-polish\p
olish.ldf"
Language: polish 2005/03/31 v1.2l Polish support from the babel system

("C:\Users\Arkadiusz\AppData\Local\Programs\MiKTeX 2.9\tex/generic/babel\babel.
def"
File: babel.def 2019/11/14 3.36 Babel common definitions
\babel@savecnt=\count88
\U@D=\dimen103

("C:\Users\Arkadiusz\AppData\Local\Programs\MiKTeX 2.9\tex/generic/babel\txtbab
el.def")
\bbl@dirlevel=\count89
)
Package babel Info: Making " an active character on input line 83.
\pl@left=\dimen104
\pl@down=\dimen105
\pl@right=\dimen106
\pl@temp=\dimen107
))
("C:\Users\Arkadiusz\AppData\Local\Programs\MiKTeX 2.9\tex/latex/base\fontenc.s
ty"
Package: fontenc 2018/08/11 v2.0j Standard LaTeX package

("C:\Users\Arkadiusz\AppData\Local\Programs\MiKTeX 2.9\tex/latex/base\t1enc.def
"
File: t1enc.def 2018/08/11 v2.0j Standard LaTeX file
LaTeX Font Info:    Redeclaring font encoding T1 on input line 48.
))
("C:\Users\Arkadiusz\AppData\Local\Programs\MiKTeX 2.9\tex/latex/base\inputenc.
sty"
Package: inputenc 2018/08/11 v1.3c Input encoding file
\inpenc@prehook=\toks14
\inpenc@posthook=\toks15

("C:\Users\Arkadiusz\AppData\Local\Programs\MiKTeX 2.9\tex/latex/ucs\utf8x.def"
File: utf8x.def 2004/10/17 UCS: Input encoding UTF-8
)) ("C:\Users\Arkadiusz\AppData\Local\Programs\MiKTeX 2.9\tex/latex/ucs\ucs.sty
"
Package: ucs 2013/05/11 v2.2 UCS: Unicode input support

("C:\Users\Arkadiusz\AppData\Local\Programs\MiKTeX 2.9\tex/latex/ucs\uni-global
.def"
File: uni-global.def 2013/05/13 UCS: Unicode global data
)
\uc@secondtry=\count90
\uc@combtoks=\toks16
\uc@combtoksb=\toks17
\uc@temptokena=\toks18
)
("C:\Users\Arkadiusz\AppData\Local\Programs\MiKTeX 2.9\tex/latex/hyperref\hyper
ref.sty"
Package: hyperref 2019/11/10 v7.00c Hypertext links for LaTeX

("C:\Users\Arkadiusz\AppData\Local\Programs\MiKTeX 2.9\tex/generic/oberdiek\ltx
cmds.sty"
Package: ltxcmds 2016/05/16 v1.23 LaTeX kernel commands for general use (HO)
)
("C:\Users\Arkadiusz\AppData\Local\Programs\MiKTeX 2.9\tex/generic/iftex\iftex.
sty"
Package: iftex 2019/11/07 v1.0c TeX engine tests
)
("C:\Users\Arkadiusz\AppData\Local\Programs\MiKTeX 2.9\tex/latex/pdftexcmds\pdf
texcmds.sty"
Package: pdftexcmds 2019/11/24 v0.31 Utility functions of pdfTeX for LuaTeX (HO
)

("C:\Users\Arkadiusz\AppData\Local\Programs\MiKTeX 2.9\tex/generic/oberdiek\inf
warerr.sty"
Package: infwarerr 2016/05/16 v1.4 Providing info/warning/error messages (HO)
)
Package pdftexcmds Info: \pdf@primitive is available.
Package pdftexcmds Info: \pdf@ifprimitive is available.
Package pdftexcmds Info: \pdfdraftmode found.
)
("C:\Users\Arkadiusz\AppData\Local\Programs\MiKTeX 2.9\tex/latex/graphics\keyva
l.sty"
Package: keyval 2014/10/28 v1.15 key=value parser (DPC)
\KV@toks@=\toks19
)
("C:\Users\Arkadiusz\AppData\Local\Programs\MiKTeX 2.9\tex/generic/oberdiek\kvs
etkeys.sty"
Package: kvsetkeys 2016/05/16 v1.17 Key value parser (HO)

("C:\Users\Arkadiusz\AppData\Local\Programs\MiKTeX 2.9\tex/generic/oberdiek\ete
xcmds.sty"
Package: etexcmds 2016/05/16 v1.6 Avoid name clashes with e-TeX commands (HO)

("C:\Users\Arkadiusz\AppData\Local\Programs\MiKTeX 2.9\tex/generic/iftex\ifluat
ex.sty"
Package: ifluatex 2019/10/25 v1.5 ifluatex legacy package. Use iftex instead.
)))
("C:\Users\Arkadiusz\AppData\Local\Programs\MiKTeX 2.9\tex/generic/oberdiek\kvd
efinekeys.sty"
Package: kvdefinekeys 2016/05/16 v1.4 Define keys (HO)
)
("C:\Users\Arkadiusz\AppData\Local\Programs\MiKTeX 2.9\tex/generic/oberdiek\pdf
escape.sty"
Package: pdfescape 2016/05/16 v1.14 Implements pdfTeX's escape features (HO)
)
("C:\Users\Arkadiusz\AppData\Local\Programs\MiKTeX 2.9\tex/latex/oberdiek\hycol
or.sty"
Package: hycolor 2016/05/16 v1.8 Color options for hyperref/bookmark (HO)

("C:\Users\Arkadiusz\AppData\Local\Programs\MiKTeX 2.9\tex/latex/oberdiek\xcolo
r-patch.sty"
Package: xcolor-patch 2016/05/16 xcolor patch

("C:\Users\Arkadiusz\AppData\Local\Programs\MiKTeX 2.9\tex/latex/oberdiek\hopat
ch.sty"
Package: hopatch 2016/05/16 v1.3 Wrapper for package hooks (HO)
)))
("C:\Users\Arkadiusz\AppData\Local\Programs\MiKTeX 2.9\tex/latex/oberdiek\letlt
xmacro.sty"
Package: letltxmacro 2016/05/16 v1.5 Let assignment for LaTeX macros (HO)
)
("C:\Users\Arkadiusz\AppData\Local\Programs\MiKTeX 2.9\tex/latex/oberdiek\auxho
ok.sty"
Package: auxhook 2016/05/16 v1.4 Hooks for auxiliary files (HO)
)
("C:\Users\Arkadiusz\AppData\Local\Programs\MiKTeX 2.9\tex/latex/oberdiek\kvopt
ions.sty"
Package: kvoptions 2016/05/16 v3.12 Key value format for package options (HO)
)
\@linkdim=\dimen108
\Hy@linkcounter=\count91
\Hy@pagecounter=\count92

("C:\Users\Arkadiusz\AppData\Local\Programs\MiKTeX 2.9\tex/latex/hyperref\pd1en
c.def"
File: pd1enc.def 2019/11/10 v7.00c Hyperref: PDFDocEncoding definition (HO)
)
("C:\Users\Arkadiusz\AppData\Local\Programs\MiKTeX 2.9\tex/generic/oberdiek\int
calc.sty"
Package: intcalc 2016/05/16 v1.2 Expandable calculations with integers (HO)
)
\Hy@SavedSpaceFactor=\count93

("C:\Users\Arkadiusz\AppData\Local\Programs\MiKTeX 2.9\tex/latex/00miktex\hyper
ref.cfg"
File: hyperref.cfg 2002/06/06 v1.2 hyperref configuration of TeXLive
)
Package hyperref Info: Hyper figures OFF on input line 4535.
Package hyperref Info: Link nesting OFF on input line 4540.
Package hyperref Info: Hyper index ON on input line 4543.
Package hyperref Info: Plain pages OFF on input line 4550.
Package hyperref Info: Backreferencing OFF on input line 4555.
Package hyperref Info: Implicit mode ON; LaTeX internals redefined.
Package hyperref Info: Bookmarks ON on input line 4788.
\c@Hy@tempcnt=\count94

("C:\Users\Arkadiusz\AppData\Local\Programs\MiKTeX 2.9\tex/latex/url\url.sty"
\Urlmuskip=\muskip10
Package: url 2013/09/16  ver 3.4  Verb mode for urls, etc.
)
LaTeX Info: Redefining \url on input line 5147.
\XeTeXLinkMargin=\dimen109

("C:\Users\Arkadiusz\AppData\Local\Programs\MiKTeX 2.9\tex/generic/oberdiek\bit
set.sty"
Package: bitset 2016/05/16 v1.2 Handle bit-vector datatype (HO)

("C:\Users\Arkadiusz\AppData\Local\Programs\MiKTeX 2.9\tex/generic/oberdiek\big
intcalc.sty"
Package: bigintcalc 2016/05/16 v1.4 Expandable calculations on big integers (HO
)
))
\Fld@menulength=\count95
\Field@Width=\dimen110
\Fld@charsize=\dimen111
Package hyperref Info: Hyper figures OFF on input line 6418.
Package hyperref Info: Link nesting OFF on input line 6423.
Package hyperref Info: Hyper index ON on input line 6426.
Package hyperref Info: backreferencing OFF on input line 6433.
Package hyperref Info: Link coloring OFF on input line 6438.
Package hyperref Info: Link coloring with OCG OFF on input line 6443.
Package hyperref Info: PDF/A mode OFF on input line 6448.
LaTeX Info: Redefining \ref on input line 6488.
LaTeX Info: Redefining \pageref on input line 6492.

("C:\Users\Arkadiusz\AppData\Local\Programs\MiKTeX 2.9\tex/generic/oberdiek\atb
egshi.sty"
Package: atbegshi 2016/06/09 v1.18 At begin shipout hook (HO)

("C:\Users\Arkadiusz\AppData\Local\Programs\MiKTeX 2.9\tex/generic/iftex\ifpdf.
sty"
Package: ifpdf 2019/10/25 v3.4 ifpdf legacy package. Use iftex instead.
))
\Hy@abspage=\count96
\c@Item=\count97
\c@Hfootnote=\count98
)
Package hyperref Info: Driver (autodetected): hpdftex.

("C:\Users\Arkadiusz\AppData\Local\Programs\MiKTeX 2.9\tex/latex/hyperref\hpdft
ex.def"
File: hpdftex.def 2019/11/10 v7.00c Hyperref driver for pdfTeX

("C:\Users\Arkadiusz\AppData\Local\Programs\MiKTeX 2.9\tex/latex/oberdiek\atver
yend.sty"
Package: atveryend 2016/05/16 v1.9 Hooks at the very end of document (HO)
Package atveryend Info: \enddocument detected (standard20110627).
)
\Fld@listcount=\count99
\c@bookmark@seq@number=\count100

("C:\Users\Arkadiusz\AppData\Local\Programs\MiKTeX 2.9\tex/latex/oberdiek\rerun
filecheck.sty"
Package: rerunfilecheck 2016/05/16 v1.8 Rerun checks for auxiliary files (HO)

("C:\Users\Arkadiusz\AppData\Local\Programs\MiKTeX 2.9\tex/generic/oberdiek\uni
quecounter.sty"
Package: uniquecounter 2016/05/16 v1.3 Provide unlimited unique counter (HO)
)
Package uniquecounter Info: New unique counter `rerunfilecheck' on input line 2
85.
)
\Hy@SectionHShift=\skip43
)
("C:\Users\Arkadiusz\AppData\Local\Programs\MiKTeX 2.9\tex/latex/graphics\graph
icx.sty"
Package: graphicx 2017/06/01 v1.1a Enhanced LaTeX Graphics (DPC,SPQR)

("C:\Users\Arkadiusz\AppData\Local\Programs\MiKTeX 2.9\tex/latex/graphics\graph
ics.sty"
Package: graphics 2019/11/01 v1.3d Standard LaTeX Graphics (DPC,SPQR)

("C:\Users\Arkadiusz\AppData\Local\Programs\MiKTeX 2.9\tex/latex/graphics\trig.
sty"
Package: trig 2016/01/03 v1.10 sin cos tan (DPC)
)
("C:\Users\Arkadiusz\AppData\Local\Programs\MiKTeX 2.9\tex/latex/graphics-cfg\g
raphics.cfg"
File: graphics.cfg 2016/06/04 v1.11 sample graphics configuration
)
Package graphics Info: Driver file: pdftex.def on input line 105.

("C:\Users\Arkadiusz\AppData\Local\Programs\MiKTeX 2.9\tex/latex/graphics-def\p
dftex.def"
File: pdftex.def 2018/01/08 v1.0l Graphics/color driver for pdftex
))
\Gin@req@height=\dimen112
\Gin@req@width=\dimen113
)
("C:\Users\Arkadiusz\AppData\Local\Programs\MiKTeX 2.9\tex/latex/listings\listi
ngs.sty"
\lst@mode=\count101
\lst@gtempboxa=\box27
\lst@token=\toks20
\lst@length=\count102
\lst@currlwidth=\dimen114
\lst@column=\count103
\lst@pos=\count104
\lst@lostspace=\dimen115
\lst@width=\dimen116
\lst@newlines=\count105
\lst@lineno=\count106
\lst@maxwidth=\dimen117

("C:\Users\Arkadiusz\AppData\Local\Programs\MiKTeX 2.9\tex/latex/listings\lstmi
sc.sty"
File: lstmisc.sty 2019/09/10 1.8c (Carsten Heinz)
\c@lstnumber=\count107
\lst@skipnumbers=\count108
\lst@framebox=\box28
)
("C:\Users\Arkadiusz\AppData\Local\Programs\MiKTeX 2.9\tex/latex/listings\listi
ngs.cfg"
File: listings.cfg 2019/09/10 1.8c listings configuration
))
Package: listings 2019/09/10 1.8c (Carsten Heinz)

("C:\Users\Arkadiusz\AppData\Local\Programs\MiKTeX 2.9\tex/latex/amsmath\amsmat
h.sty"
Package: amsmath 2019/11/16 v2.17d AMS math features
\@mathmargin=\skip44

For additional information on amsmath, use the `?' option.

("C:\Users\Arkadiusz\AppData\Local\Programs\MiKTeX 2.9\tex/latex/amsmath\amstex
t.sty"
Package: amstext 2000/06/29 v2.01 AMS text

("C:\Users\Arkadiusz\AppData\Local\Programs\MiKTeX 2.9\tex/latex/amsmath\amsgen
.sty"
File: amsgen.sty 1999/11/30 v2.0 generic functions
\@emptytoks=\toks21
\ex@=\dimen118
))
("C:\Users\Arkadiusz\AppData\Local\Programs\MiKTeX 2.9\tex/latex/amsmath\amsbsy
.sty"
Package: amsbsy 1999/11/29 v1.2d Bold Symbols
\pmbraise@=\dimen119
)
("C:\Users\Arkadiusz\AppData\Local\Programs\MiKTeX 2.9\tex/latex/amsmath\amsopn
.sty"
Package: amsopn 2016/03/08 v2.02 operator names
)
\inf@bad=\count109
LaTeX Info: Redefining \frac on input line 227.
\uproot@=\count110
\leftroot@=\count111
LaTeX Info: Redefining \overline on input line 389.
\classnum@=\count112
\DOTSCASE@=\count113
LaTeX Info: Redefining \ldots on input line 486.
LaTeX Info: Redefining \dots on input line 489.
LaTeX Info: Redefining \cdots on input line 610.
\Mathstrutbox@=\box29
\strutbox@=\box30
\big@size=\dimen120
LaTeX Font Info:    Redeclaring font encoding OML on input line 733.
LaTeX Font Info:    Redeclaring font encoding OMS on input line 734.
\macc@depth=\count114
\c@MaxMatrixCols=\count115
\dotsspace@=\muskip11
\c@parentequation=\count116
\dspbrk@lvl=\count117
\tag@help=\toks22
\row@=\count118
\column@=\count119
\maxfields@=\count120
\andhelp@=\toks23
\eqnshift@=\dimen121
\alignsep@=\dimen122
\tagshift@=\dimen123
\tagwidth@=\dimen124
\totwidth@=\dimen125
\lineht@=\dimen126
\@envbody=\toks24
\multlinegap=\skip45
\multlinetaggap=\skip46
\mathdisplay@stack=\toks25
LaTeX Info: Redefining \[ on input line 2858.
LaTeX Info: Redefining \] on input line 2859.
)
("C:\Users\Arkadiusz\AppData\Local\Programs\MiKTeX 2.9\tex/latex/tools\indentfi
rst.sty"
Package: indentfirst 1995/11/23 v1.03 Indent first paragraph (DPC)
)
("C:\Users\Arkadiusz\AppData\Local\Programs\MiKTeX 2.9\tex/latex/algorithm2e\al
gorithm2e.sty"
Package: algorithm2e 2017/07/18 v5.2 algorithms environments
\c@AlgoLine=\count121

("C:\Users\Arkadiusz\AppData\Local\Programs\MiKTeX 2.9\tex/latex/base\ifthen.st
y"
Package: ifthen 2014/09/29 v1.1c Standard LaTeX ifthen package (DPC)
)
\algocf@hangindent=\skip47

("C:\Users\Arkadiusz\AppData\Local\Programs\MiKTeX 2.9\tex/latex/ifoddpage\ifod
dpage.sty"
Package: ifoddpage 2016/04/23 v1.1 Conditionals for odd/even page detection
\c@checkoddpage=\count122
)
("C:\Users\Arkadiusz\AppData\Local\Programs\MiKTeX 2.9\tex/latex/tools\xspace.s
ty"
Package: xspace 2014/10/28 v1.13 Space after command names (DPC,MH)
)
("C:\Users\Arkadiusz\AppData\Local\Programs\MiKTeX 2.9\tex/latex/relsize\relsiz
e.sty"
Package: relsize 2013/03/29 ver 4.1
)
\skiptotal=\skip48
\skiplinenumber=\skip49
\skiprule=\skip50
\skiphlne=\skip51
\skiptext=\skip52
\skiplength=\skip53
\algomargin=\skip54
\skipalgocfslide=\skip55
\algowidth=\dimen127
\inoutsize=\dimen128
\inoutindent=\dimen129
\interspacetitleruled=\dimen130
\interspacealgoruled=\dimen131
\interspacetitleboxruled=\dimen132
\algocf@ruledwidth=\skip56
\algocf@inoutbox=\box31
\algocf@inputbox=\box32
\AlCapSkip=\skip57
\AlCapHSkip=\skip58
\algoskipindent=\skip59
\algocf@nlbox=\box33
\algocf@hangingbox=\box34
\algocf@untilbox=\box35
\algocf@skipuntil=\skip60
\algocf@capbox=\box36
\algocf@lcaptionbox=\skip61
\algoheightruledefault=\skip62
\algoheightrule=\skip63
\algotitleheightruledefault=\skip64
\algotitleheightrule=\skip65
\c@algocfline=\count123
\c@algocfproc=\count124
\c@algocf=\count125
\algocf@algoframe=\box37
\algocf@algobox=\box38
) (dokumentacja.aux)
\openout1 = `dokumentacja.aux'.

LaTeX Font Info:    Checking defaults for OML/cmm/m/it on input line 22.
LaTeX Font Info:    ... okay on input line 22.
LaTeX Font Info:    Checking defaults for T1/cmr/m/n on input line 22.
LaTeX Font Info:    ... okay on input line 22.
LaTeX Font Info:    Checking defaults for OT1/cmr/m/n on input line 22.
LaTeX Font Info:    ... okay on input line 22.
LaTeX Font Info:    Checking defaults for OMS/cmsy/m/n on input line 22.
LaTeX Font Info:    ... okay on input line 22.
LaTeX Font Info:    Checking defaults for OMX/cmex/m/n on input line 22.
LaTeX Font Info:    ... okay on input line 22.
LaTeX Font Info:    Checking defaults for U/cmr/m/n on input line 22.
LaTeX Font Info:    ... okay on input line 22.
LaTeX Font Info:    Checking defaults for PD1/pdf/m/n on input line 22.
LaTeX Font Info:    ... okay on input line 22.

("C:\Users\Arkadiusz\AppData\Local\Programs\MiKTeX 2.9\tex/latex/ucs\ucsencs.de
f"
File: ucsencs.def 2011/01/21 Fixes to fontencodings LGR, T3
)
\AtBeginShipoutBox=\box39
Package hyperref Info: Link coloring OFF on input line 22.

("C:\Users\Arkadiusz\AppData\Local\Programs\MiKTeX 2.9\tex/latex/hyperref\namer
ef.sty"
Package: nameref 2019/09/16 v2.46 Cross-referencing by name of section

("C:\Users\Arkadiusz\AppData\Local\Programs\MiKTeX 2.9\tex/latex/oberdiek\refco
unt.sty"
Package: refcount 2016/05/16 v3.5 Data extraction from label references (HO)
)
("C:\Users\Arkadiusz\AppData\Local\Programs\MiKTeX 2.9\tex/generic/oberdiek\get
titlestring.sty"
Package: gettitlestring 2016/05/16 v1.5 Cleanup title references (HO)
)
\c@section@level=\count126
)
LaTeX Info: Redefining \ref on input line 22.
LaTeX Info: Redefining \pageref on input line 22.
LaTeX Info: Redefining \nameref on input line 22.
 (dokumentacja.out) (dokumentacja.out)
\@outlinefile=\write3
\openout3 = `dokumentacja.out'.


("C:\Users\Arkadiusz\AppData\Local\Programs\MiKTeX 2.9\tex/context/base/mkii\su
pp-pdf.mkii"
[Loading MPS to PDF converter (version 2006.09.02).]
\scratchcounter=\count127
\scratchdimen=\dimen133
\scratchbox=\box40
\nofMPsegments=\count128
\nofMParguments=\count129
\everyMPshowfont=\toks26
\MPscratchCnt=\count130
\MPscratchDim=\dimen134
\MPnumerator=\count131
\makeMPintoPDFobject=\count132
\everyMPtoPDFconversion=\toks27
)
("C:\Users\Arkadiusz\AppData\Local\Programs\MiKTeX 2.9\tex/latex/epstopdf-pkg\e
pstopdf-base.sty"
Package: epstopdf-base 2019/11/24 v2.7 Base part for package epstopdf

("C:\Users\Arkadiusz\AppData\Local\Programs\MiKTeX 2.9\tex/latex/oberdiek\grfex
t.sty"
Package: grfext 2016/05/16 v1.2 Manage graphics extensions (HO)
)
Package epstopdf-base Info: Redefining graphics rule for `.eps' on input line 4
42.
Package grfext Info: Graphics extension search list:
(grfext)             [.pdf,.png,.jpg,.mps,.jpeg,.jbig2,.jb2,.PDF,.PNG,.JPG,.JPE
G,.JBIG2,.JB2,.eps]
(grfext)             \AppendGraphicsExtensions on input line 460.
)
\c@lstlisting=\count133

("C:\Users\Arkadiusz\AppData\Local\Programs\MiKTeX 2.9\tex/latex/ucs\uni-1.def"
File: uni-1.def 2013/05/13 UCS: Unicode data U+0100..U+01FF
) [1

{C:/Users/Arkadiusz/AppData/Local/MiKTeX/2.9/pdftex/config/pdftex.map}]
("C:\Users\Arkadiusz\AppData\Local\Programs\MiKTeX 2.9\tex/latex/ucs\uni-0.def"
File: uni-0.def 2013/05/13 UCS: Unicode data U+0000..U+00FF
)
Underfull \hbox (badness 10000) in paragraph at lines 32--42

 []


Underfull \hbox (badness 10000) in paragraph at lines 32--42

 []

<picture1.png, id=11, 773.89125pt x 261.97874pt>
File: picture1.png Graphic file (type png)
<use picture1.png>
Package pdftex.def Info: picture1.png  used on input line 44.
(pdftex.def)             Requested size: 503.02335pt x 170.28416pt.

Overfull \hbox (27.66508pt too wide) in paragraph at lines 43--45
[] 
 []

[2 <./picture1.png>]
<instrukcja.png, id=23, 825.0825pt x 183.68625pt>
File: instrukcja.png Graphic file (type png)
<use instrukcja.png>
Package pdftex.def Info: instrukcja.png  used on input line 50.
(pdftex.def)             Requested size: 495.05333pt x 110.21259pt.

Overfull \hbox (37.31989pt too wide) in paragraph at lines 50--51
[][] 
 []

<instrukcja2.png, id=24, 643.6547pt x 140.02313pt>
File: instrukcja2.png Graphic file (type png)
<use instrukcja2.png>
Package pdftex.def Info: instrukcja2.png  used on input line 52.
(pdftex.def)             Requested size: 514.92445pt x 112.01865pt.

Overfull \hbox (57.19101pt too wide) in paragraph at lines 52--53
[][] 
 []

[3 <./instrukcja.png> <./instrukcja2.png>]
Underfull \hbox (badness 10000) in paragraph at lines 58--60

 []


Underfull \hbox (badness 10000) in paragraph at lines 61--62

 []


Underfull \hbox (badness 10000) in paragraph at lines 63--64

 []


! LaTeX Error: There's no line here to end.

See the LaTeX manual or LaTeX Companion for explanation.
Type  H <return>  for immediate help.
 ...                                              
                                                  
l.66 \\O
        statnim etapem jest uruchomienie pliku page.html co skutkuje otwarci...

Your command was ignored.
Type  I <command> <return>  to replace it with another command,
or  <return>  to continue without it.

[4]

! LaTeX Error: There's no line here to end.

See the LaTeX manual or LaTeX Companion for explanation.
Type  H <return>  for immediate help.
 ...                                              
                                                  
l.109 		\caption{Zapis danych do plik√≥w} \\
                                            
Your command was ignored.
Type  I <command> <return>  to replace it with another command,
or  <return>  to continue without it.

! Missing $ inserted.
<inserted text> 
                $
l.147 	$wartoscKata$ = 0, $wynik$ = 0  \Leftarrow
                                                  Warunki poczƒÖtkowe \\
I've inserted a begin-math/end-math symbol since I think
you left one out. Proceed, with fingers crossed.


LaTeX Warning: Command \k invalid in math mode on input line 147.


! LaTeX Error: There's no line here to end.

See the LaTeX manual or LaTeX Companion for explanation.
Type  H <return>  for immediate help.
 ...                                              
                                                  
l.147 ...k$ = 0  \Leftarrow Warunki poczƒÖtkowe \\
                                                  
Your command was ignored.
Type  I <command> <return>  to replace it with another command,
or  <return>  to continue without it.

! Missing $ inserted.
<inserted text> 
                $
l.147 ...k$ = 0  \Leftarrow Warunki poczƒÖtkowe \\
                                                  
I've inserted a begin-math/end-math symbol since I think
you left one out. Proceed, with fingers crossed.

Missing character: There is no ° in font cmr12!
[5] [6]
LaTeX Font Info:    Trying to load font information for OMS+cmr on input line 1
64.

("C:\Users\Arkadiusz\AppData\Local\Programs\MiKTeX 2.9\tex/latex/base\omscmr.fd
"
File: omscmr.fd 2014/09/29 v2.5h Standard LaTeX font definitions
)
LaTeX Font Info:    Font shape `OMS/cmr/m/n' in size <12> not available
(Font)              Font shape `OMS/cmsy/m/n' tried instead on input line 164.
 [7]
("C:\Users\Arkadiusz\AppData\Local\Programs\MiKTeX 2.9\tex/latex/listings\lstla
ng1.sty"
File: lstlang1.sty 2019/09/10 1.8c listings language file
) [8]

! Package utf8x Error: MalformedUTF-8sequence.

See the utf8x package documentation for explanation.
Type  H <return>  for immediate help.
 ...                                              
                                                  
l.278 ...me="descripton" content="Projekt Jƒôzyki 
                                                  Skryptowe Arkadiusz Ka≈Çu≈...

Ifthecharacterisanargument,putitin{}


("C:\Users\Arkadiusz\AppData\Local\Programs\MiKTeX 2.9\tex/latex/ucs\uni-255.de
f"
File: uni-255.def 2013/05/13 UCS: Unicode data U+FF00..U+FFFF
)
("C:\Users\Arkadiusz\AppData\Local\Programs\MiKTeX 2.9\tex/latex/ucs\uninames.d
at"
File: uninames.dat 2013/05/13 UCS: Unicode character names, compressed
)
("C:\Users\Arkadiusz\AppData\Local\Programs\MiKTeX 2.9\tex/latex/ucs\uni-255.de
f"
File: uni-255.def 2013/05/13 UCS: Unicode data U+FF00..U+FFFF
)

! Package ucs Error: Unknown Unicode character 65533 = U+FFFD,
(ucs)                possibly declared in uni-255.def.
(ucs)                Type H to see if it is available with options.

See the ucs package documentation for explanation.
Type  H <return>  for immediate help.
 ...                                              
                                                  
l.278 ...me="descripton" content="Projekt Jƒôzyki 
                                                  Skryptowe Arkadiusz Ka≈Çu≈...

Unicode character 65533 = U+FFFD:
REPLACEMENT CHARACTER
Character is not defined in uni-*.def files.
Enter I!<RET> to define the glyph.


! Package utf8x Error: Character153appearedalone.

See the utf8x package documentation for explanation.
Type  H <return>  for immediate help.
 ...                                              
                                                  
l.278 ...me="descripton" content="Projekt Jƒôzyki 
                                                  Skryptowe Arkadiusz Ka≈Çu≈...

Characters128-191areonlyallowedasargumentstocharacters194-244


! Package utf8x Error: MalformedUTF-8sequence.

See the utf8x package documentation for explanation.
Type  H <return>  for immediate help.
 ...                                              
                                                  
l.278 ...kt Jƒôzyki Skryptowe Arkadiusz Ka≈Çu≈ºa"/
                                                  >\n'
Ifthecharacterisanargument,putitin{}


Package ucs Warning: Unknown character 65533 = 0xFFFD appeared again. on input 
line 278.


! Package utf8x Error: Character130appearedalone.

See the utf8x package documentation for explanation.
Type  H <return>  for immediate help.
 ...                                              
                                                  
l.278 ...kt Jƒôzyki Skryptowe Arkadiusz Ka≈Çu≈ºa"/
                                                  >\n'
Characters128-191areonlyallowedasargumentstocharacters194-244


! Package utf8x Error: MalformedUTF-8sequence.

See the utf8x package documentation for explanation.
Type  H <return>  for immediate help.
 ...                                              
                                                  
l.278 ...kt Jƒôzyki Skryptowe Arkadiusz Ka≈Çu≈ºa"/
                                                  >\n'
Ifthecharacterisanargument,putitin{}


Package ucs Warning: Unknown character 65533 = 0xFFFD appeared again. on input 
line 278.


! Package utf8x Error: Character188appearedalone.

See the utf8x package documentation for explanation.
Type  H <return>  for immediate help.
 ...                                              
                                                  
l.278 ...kt Jƒôzyki Skryptowe Arkadiusz Ka≈Çu≈ºa"/
                                                  >\n'
Characters128-191areonlyallowedasargumentstocharacters194-244


! Package utf8x Error: MalformedUTF-8sequence.

See the utf8x package documentation for explanation.
Type  H <return>  for immediate help.
 ...                                              
                                                  
l.286            '            "K≈ÅOPOT 
                                       ROWERZYSTY" - Algorytmion 2014 \n    ...

Ifthecharacterisanargument,putitin{}


Package ucs Warning: Unknown character 65533 = 0xFFFD appeared again. on input 
line 286.


! Package utf8x Error: Character129appearedalone.

See the utf8x package documentation for explanation.
Type  H <return>  for immediate help.
 ...                                              
                                                  
l.286            '            "K≈ÅOPOT 
                                       ROWERZYSTY" - Algorytmion 2014 \n    ...

Characters128-191areonlyallowedasargumentstocharacters194-244

[9]

! Package utf8x Error: MalformedUTF-8sequence.

See the utf8x package documentation for explanation.
Type  H <return>  for immediate help.
 ...                                              
                                                  
l.292 ...   '                        <th>Promie≈Ñ 
                                                  i Dystans</th>\n'
Ifthecharacterisanargument,putitin{}


Package ucs Warning: Unknown character 65533 = 0xFFFD appeared again. on input 
line 292.


! Package utf8x Error: Character132appearedalone.

See the utf8x package documentation for explanation.
Type  H <return>  for immediate help.
 ...                                              
                                                  
l.292 ...   '                        <th>Promie≈Ñ 
                                                  i Dystans</th>\n'
Characters128-191areonlyallowedasargumentstocharacters194-244


! Package utf8x Error: MalformedUTF-8sequence.

See the utf8x package documentation for explanation.
Type  H <return>  for immediate help.
 ...                                              
                                                  
l.315 ...                &copy Arkadiusz Ka≈Çu≈ºa,
                                                   RMS POLSL \n'
Ifthecharacterisanargument,putitin{}


Package ucs Warning: Unknown character 65533 = 0xFFFD appeared again. on input 
line 315.


! Package utf8x Error: Character130appearedalone.

See the utf8x package documentation for explanation.
Type  H <return>  for immediate help.
 ...                                              
                                                  
l.315 ...                &copy Arkadiusz Ka≈Çu≈ºa,
                                                   RMS POLSL \n'
Characters128-191areonlyallowedasargumentstocharacters194-244


! Package utf8x Error: MalformedUTF-8sequence.

See the utf8x package documentation for explanation.
Type  H <return>  for immediate help.
 ...                                              
                                                  
l.315 ...                &copy Arkadiusz Ka≈Çu≈ºa,
                                                   RMS POLSL \n'
Ifthecharacterisanargument,putitin{}


Package ucs Warning: Unknown character 65533 = 0xFFFD appeared again. on input 
line 315.


! Package utf8x Error: Character188appearedalone.

See the utf8x package documentation for explanation.
Type  H <return>  for immediate help.
 ...                                              
                                                  
l.315 ...                &copy Arkadiusz Ka≈Çu≈ºa,
                                                   RMS POLSL \n'
Characters128-191areonlyallowedasargumentstocharacters194-244

[10]

! Package utf8x Error: MalformedUTF-8sequence.

See the utf8x package documentation for explanation.
Type  H <return>  for immediate help.
 ...                                              
                                                  
l.376 ...me="descripton" content="Projekt Jƒôzyki 
                                                  Skryptowe Arkadiusz Ka≈Çu≈...

Ifthecharacterisanargument,putitin{}


Package ucs Warning: Unknown character 65533 = 0xFFFD appeared again. on input 
line 376.


! Package utf8x Error: Character153appearedalone.

See the utf8x package documentation for explanation.
Type  H <return>  for immediate help.
 ...                                              
                                                  
l.376 ...me="descripton" content="Projekt Jƒôzyki 
                                                  Skryptowe Arkadiusz Ka≈Çu≈...

Characters128-191areonlyallowedasargumentstocharacters194-244


! Package utf8x Error: MalformedUTF-8sequence.

See the utf8x package documentation for explanation.
Type  H <return>  for immediate help.
 ...                                              
                                                  
l.376 ...kt Jƒôzyki Skryptowe Arkadiusz Ka≈Çu≈ºa"/
                                                  >\n'
Ifthecharacterisanargument,putitin{}


Package ucs Warning: Unknown character 65533 = 0xFFFD appeared again. on input 
line 376.


! Package utf8x Error: Character130appearedalone.

See the utf8x package documentation for explanation.
Type  H <return>  for immediate help.
 ...                                              
                                                  
l.376 ...kt Jƒôzyki Skryptowe Arkadiusz Ka≈Çu≈ºa"/
                                                  >\n'
Characters128-191areonlyallowedasargumentstocharacters194-244


! Package utf8x Error: MalformedUTF-8sequence.

See the utf8x package documentation for explanation.
Type  H <return>  for immediate help.
 ...                                              
                                                  
l.376 ...kt Jƒôzyki Skryptowe Arkadiusz Ka≈Çu≈ºa"/
                                                  >\n'
Ifthecharacterisanargument,putitin{}


Package ucs Warning: Unknown character 65533 = 0xFFFD appeared again. on input 
line 376.


! Package utf8x Error: Character188appearedalone.

See the utf8x package documentation for explanation.
Type  H <return>  for immediate help.
 ...                                              
                                                  
l.376 ...kt Jƒôzyki Skryptowe Arkadiusz Ka≈Çu≈ºa"/
                                                  >\n'
Characters128-191areonlyallowedasargumentstocharacters194-244

[11]

! Package utf8x Error: MalformedUTF-8sequence.

See the utf8x package documentation for explanation.
Type  H <return>  for immediate help.
 ...                                              
                                                  
l.384            '            "K≈ÅOPOT 
                                       ROWERZYSTY" - Algorytmion 2014 \n    ...

Ifthecharacterisanargument,putitin{}


Package ucs Warning: Unknown character 65533 = 0xFFFD appeared again. on input 
line 384.


! Package utf8x Error: Character129appearedalone.

See the utf8x package documentation for explanation.
Type  H <return>  for immediate help.
 ...                                              
                                                  
l.384            '            "K≈ÅOPOT 
                                       ROWERZYSTY" - Algorytmion 2014 \n    ...

Characters128-191areonlyallowedasargumentstocharacters194-244


! Package utf8x Error: MalformedUTF-8sequence.

See the utf8x package documentation for explanation.
Type  H <return>  for immediate help.
 ...                                              
                                                  
l.390 ...   '                        <th>Promie≈Ñ 
                                                  i Dystans</th>\n'
Ifthecharacterisanargument,putitin{}


Package ucs Warning: Unknown character 65533 = 0xFFFD appeared again. on input 
line 390.


! Package utf8x Error: Character132appearedalone.

See the utf8x package documentation for explanation.
Type  H <return>  for immediate help.
 ...                                              
                                                  
l.390 ...   '                        <th>Promie≈Ñ 
                                                  i Dystans</th>\n'
Characters128-191areonlyallowedasargumentstocharacters194-244

[12]

! Package utf8x Error: MalformedUTF-8sequence.

See the utf8x package documentation for explanation.
Type  H <return>  for immediate help.
 ...                                              
                                                  
l.413 ...                &copy Arkadiusz Ka≈Çu≈ºa,
                                                   RMS POLSL \n'
Ifthecharacterisanargument,putitin{}


Package ucs Warning: Unknown character 65533 = 0xFFFD appeared again. on input 
line 413.


! Package utf8x Error: Character130appearedalone.

See the utf8x package documentation for explanation.
Type  H <return>  for immediate help.
 ...                                              
                                                  
l.413 ...                &copy Arkadiusz Ka≈Çu≈ºa,
                                                   RMS POLSL \n'
Characters128-191areonlyallowedasargumentstocharacters194-244


! Package utf8x Error: MalformedUTF-8sequence.

See the utf8x package documentation for explanation.
Type  H <return>  for immediate help.
 ...                                              
                                                  
l.413 ...                &copy Arkadiusz Ka≈Çu≈ºa,
                                                   RMS POLSL \n'
Ifthecharacterisanargument,putitin{}


Package ucs Warning: Unknown character 65533 = 0xFFFD appeared again. on input 
line 413.


! Package utf8x Error: Character188appearedalone.

See the utf8x package documentation for explanation.
Type  H <return>  for immediate help.
 ...                                              
                                                  
l.413 ...                &copy Arkadiusz Ka≈Çu≈ºa,
                                                   RMS POLSL \n'
Characters128-191areonlyallowedasargumentstocharacters194-244


("C:\Users\Arkadiusz\AppData\Local\Programs\MiKTeX 2.9\tex/latex/listings\lstla
ng1.sty"
File: lstlang1.sty 2019/09/10 1.8c listings language file
)
("C:\Users\Arkadiusz\AppData\Local\Programs\MiKTeX 2.9\tex/latex/listings\lstmi
sc.sty"
File: lstmisc.sty 2019/09/10 1.8c (Carsten Heinz)
)

! Package utf8x Error: MalformedUTF-8sequence.

See the utf8x package documentation for explanation.
Type  H <return>  for immediate help.
 ...                                              
                                                  
l.427 ...me="descripton" content="Projekt Jƒôzyki 
                                                  Skryptowe Arkadiusz Ka≈Çu≈...

Ifthecharacterisanargument,putitin{}


Package ucs Warning: Unknown character 65533 = 0xFFFD appeared again. on input 
line 427.


! Package utf8x Error: Character153appearedalone.

See the utf8x package documentation for explanation.
Type  H <return>  for immediate help.
 ...                                              
                                                  
l.427 ...me="descripton" content="Projekt Jƒôzyki 
                                                  Skryptowe Arkadiusz Ka≈Çu≈...

Characters128-191areonlyallowedasargumentstocharacters194-244


! Package utf8x Error: MalformedUTF-8sequence.

See the utf8x package documentation for explanation.
Type  H <return>  for immediate help.
 ...                                              
                                                  
l.427 ...ekt Jƒôzyki Skryptowe Arkadiusz Ka≈Çu≈ºa"
                                                  />
Ifthecharacterisanargument,putitin{}


Package ucs Warning: Unknown character 65533 = 0xFFFD appeared again. on input 
line 427.


! Package utf8x Error: Character130appearedalone.

See the utf8x package documentation for explanation.
Type  H <return>  for immediate help.
 ...                                              
                                                  
l.427 ...ekt Jƒôzyki Skryptowe Arkadiusz Ka≈Çu≈ºa"
                                                  />
Characters128-191areonlyallowedasargumentstocharacters194-244


! Package utf8x Error: MalformedUTF-8sequence.

See the utf8x package documentation for explanation.
Type  H <return>  for immediate help.
 ...                                              
                                                  
l.427 ...ekt Jƒôzyki Skryptowe Arkadiusz Ka≈Çu≈ºa"
                                                  />
Ifthecharacterisanargument,putitin{}


Package ucs Warning: Unknown character 65533 = 0xFFFD appeared again. on input 
line 427.


! Package utf8x Error: Character188appearedalone.

See the utf8x package documentation for explanation.
Type  H <return>  for immediate help.
 ...                                              
                                                  
l.427 ...ekt Jƒôzyki Skryptowe Arkadiusz Ka≈Çu≈ºa"
                                                  />
Characters128-191areonlyallowedasargumentstocharacters194-244


! Package utf8x Error: MalformedUTF-8sequence.

See the utf8x package documentation for explanation.
Type  H <return>  for immediate help.
 ...                                              
                                                  
l.435             "K≈ÅOPOT 
                           ROWERZYSTY" - Algorytmion 2014
Ifthecharacterisanargument,putitin{}


Package ucs Warning: Unknown character 65533 = 0xFFFD appeared again. on input 
line 435.


! Package utf8x Error: Character129appearedalone.

See the utf8x package documentation for explanation.
Type  H <return>  for immediate help.
 ...                                              
                                                  
l.435             "K≈ÅOPOT 
                           ROWERZYSTY" - Algorytmion 2014
Characters128-191areonlyallowedasargumentstocharacters194-244


! Package utf8x Error: MalformedUTF-8sequence.

See the utf8x package documentation for explanation.
Type  H <return>  for immediate help.
 ...                                              
                                                  
l.441                         <th>Promie≈Ñ 
                                           i Dystans</th>
Ifthecharacterisanargument,putitin{}


Package ucs Warning: Unknown character 65533 = 0xFFFD appeared again. on input 
line 441.


! Package utf8x Error: Character132appearedalone.

See the utf8x package documentation for explanation.
Type  H <return>  for immediate help.
 ...                                              
                                                  
l.441                         <th>Promie≈Ñ 
                                           i Dystans</th>
Characters128-191areonlyallowedasargumentstocharacters194-244

[13]

! Package utf8x Error: MalformedUTF-8sequence.

See the utf8x package documentation for explanation.
Type  H <return>  for immediate help.
 ...                                              
                                                  
l.462                 &copy Arkadiusz Ka≈Çu≈ºa,
                                                RMS POLSL
Ifthecharacterisanargument,putitin{}


Package ucs Warning: Unknown character 65533 = 0xFFFD appeared again. on input 
line 462.


! Package utf8x Error: Character130appearedalone.

See the utf8x package documentation for explanation.
Type  H <return>  for immediate help.
 ...                                              
                                                  
l.462                 &copy Arkadiusz Ka≈Çu≈ºa,
                                                RMS POLSL
Characters128-191areonlyallowedasargumentstocharacters194-244


! Package utf8x Error: MalformedUTF-8sequence.

See the utf8x package documentation for explanation.
Type  H <return>  for immediate help.
 ...                                              
                                                  
l.462                 &copy Arkadiusz Ka≈Çu≈ºa,
                                                RMS POLSL
Ifthecharacterisanargument,putitin{}


Package ucs Warning: Unknown character 65533 = 0xFFFD appeared again. on input 
line 462.


! Package utf8x Error: Character188appearedalone.

See the utf8x package documentation for explanation.
Type  H <return>  for immediate help.
 ...                                              
                                                  
l.462                 &copy Arkadiusz Ka≈Çu≈ºa,
                                                RMS POLSL
Characters128-191areonlyallowedasargumentstocharacters194-244

[14] [15] [16]

! Package utf8x Error: MalformedUTF-8sequence.

See the utf8x package documentation for explanation.
Type  H <return>  for immediate help.
 ...                                              
                                                  
l.623             t += 0.01; // zwiƒôkszenie 
                                             kata o stala wartosc 0.01rad
Ifthecharacterisanargument,putitin{}


Package ucs Warning: Unknown character 65533 = 0xFFFD appeared again. on input 
line 623.


! Package utf8x Error: Character153appearedalone.

See the utf8x package documentation for explanation.
Type  H <return>  for immediate help.
 ...                                              
                                                  
l.623             t += 0.01; // zwiƒôkszenie 
                                             kata o stala wartosc 0.01rad
Characters128-191areonlyallowedasargumentstocharacters194-244

[17] [18]
Package atveryend Info: Empty hook `BeforeClearDocument' on input line 683.
 [19]
Package atveryend Info: Empty hook `AfterLastShipout' on input line 683.
 (dokumentacja.aux)
Package atveryend Info: Executing hook `AtVeryEndDocument' on input line 683.
Package atveryend Info: Executing hook `AtEndAfterFileList' on input line 683.
Package rerunfilecheck Info: File `dokumentacja.out' has not changed.
(rerunfilecheck)             Checksum: D41D8CD98F00B204E9800998ECF8427E;0.
Package atveryend Info: Empty hook `AtVeryVeryEnd' on input line 683.
 ) 
Here is how much of TeX's memory you used:
 11782 strings out of 492484
 168569 string characters out of 3119788
 646387 words of memory out of 3000000
 15409 multiletter control sequences out of 15000+200000
 14667 words of font info for 40 fonts, out of 3000000 for 9000
 1141 hyphenation exceptions out of 8191
 39i,13n,53p,777b,2098s stack positions out of 5000i,500n,10000p,200000b,50000s
 <C:\Users\Arkadiusz\AppData\Local\MiKTeX\2.9\fonts/pk/ljfour/jknappen/ec/dpi
600\ecti1200.pk> <C:\Users\Arkadiusz\AppData\Local\MiKTeX\2.9\fonts/pk/ljfour/j
knappen/ec/dpi600\ecbx1200.pk> <C:\Users\Arkadiusz\AppData\Local\MiKTeX\2.9\fon
ts/pk/ljfour/jknappen/ec/dpi600\ecbx1440.pk> <C:\Users\Arkadiusz\AppData\Local\
MiKTeX\2.9\fonts/pk/ljfour/jknappen/ec/dpi600\ecbx1728.pk> <C:\Users\Arkadiusz\
AppData\Local\MiKTeX\2.9\fonts/pk/ljfour/jknappen/ec/dpi600\ecrm1200.pk> <C:\Us
ers\Arkadiusz\AppData\Local\MiKTeX\2.9\fonts/pk/ljfour/jknappen/ec/dpi600\ecrm1
440.pk> <C:\Users\Arkadiusz\AppData\Local\MiKTeX\2.9\fonts/pk/ljfour/jknappen/e
c/dpi600\ecrm2074.pk><C:/Users/Arkadiusz/AppData/Local/Programs/MiKTeX 2.9/font
s/type1/public/amsfonts/cm/cmex10.pfb><C:/Users/Arkadiusz/AppData/Local/Program
s/MiKTeX 2.9/fonts/type1/public/amsfonts/cm/cmmi12.pfb><C:/Users/Arkadiusz/AppD
ata/Local/Programs/MiKTeX 2.9/fonts/type1/public/amsfonts/cm/cmr12.pfb><C:/User
s/Arkadiusz/AppData/Local/Programs/MiKTeX 2.9/fonts/type1/public/amsfonts/cm/cm
r8.pfb><C:/Users/Arkadiusz/AppData/Local/Programs/MiKTeX 2.9/fonts/type1/public
/amsfonts/cm/cmsy10.pfb><C:/Users/Arkadiusz/AppData/Local/Programs/MiKTeX 2.9/f
onts/type1/public/amsfonts/cm/cmtt12.pfb>
Output written on dokumentacja.pdf (19 pages, 337630 bytes).
PDF statistics:
 1005 PDF objects out of 1200 (max. 8388607)
 533 named destinations out of 1000 (max. 500000)
 16 words of extra memory for PDF output out of 10000 (max. 10000000)

